\BOOKMARK [1][-]{section.1}{\376\377\000I\000n\000t\000r\000o\000d\000u\000c\000t\000i\000o\000n}{}% 1
\BOOKMARK [1][-]{section.2}{\376\377\000S\000t\000a\000t\000e\000\040\000o\000f\000\040\000k\000n\000o\000w\000l\000e\000d\000g\000e}{}% 2
\BOOKMARK [1][-]{section.3}{\376\377\000C\000o\000n\000t\000e\000x\000t}{}% 3
\BOOKMARK [1][-]{section.4}{\376\377\000D\000a\000t\000a}{}% 4
\BOOKMARK [1][-]{section.5}{\376\377\000M\000e\000t\000h\000o\000d}{}% 5
\BOOKMARK [1][-]{section.6}{\376\377\000R\000e\000s\000u\000l\000t\000s}{}% 6
\BOOKMARK [1][-]{section.7}{\376\377\000D\000i\000s\000c\000u\000s\000s\000i\000o\000n}{}% 7
\BOOKMARK [1][-]{section.8}{\376\377\000C\000o\000n\000c\000l\000u\000s\000i\000o\000n}{}% 8
\BOOKMARK [1][-]{appendix.A}{\376\377\000A\000p\000p\000e\000n\000d\000i\000x}{}% 9
\BOOKMARK [2][-]{subsection.A.1}{\376\377\000D\000e\000v\000i\000a\000t\000i\000o\000n\000\040\000f\000r\000o\000m\000\040\000t\000h\000e\000\040\000P\000r\000e\000-\000A\000n\000a\000l\000y\000s\000i\000s\000\040\000P\000l\000a\000n\000\040\000\050\000P\000A\000P\000\051}{appendix.A}% 10
\BOOKMARK [2][-]{subsection.A.2}{\376\377\000S\000a\000m\000p\000l\000i\000n\000g\000\040\000a\000n\000d\000\040\000d\000a\000t\000a\000\040\000c\000o\000l\000l\000e\000c\000t\000i\000o\000n}{appendix.A}% 11
\BOOKMARK [2][-]{subsection.A.3}{\376\377\000A\000d\000d\000i\000t\000i\000o\000n\000a\000l\000\040\000i\000n\000f\000o\000r\000m\000a\000t\000i\000o\000n\000\040\000o\000n\000\040\000t\000h\000e\000\040\000e\000x\000p\000e\000r\000i\000m\000e\000n\000t}{appendix.A}% 12
\BOOKMARK [2][-]{subsection.A.4}{\376\377\000M\000e\000a\000s\000u\000r\000i\000n\000g\000\040\000a\000t\000t\000i\000t\000u\000d\000e\000s\000\040\000u\000s\000i\000n\000g\000\040\000t\000h\000e\000\040\000A\000n\000d\000e\000r\000s\000o\000n\000\040\000i\000n\000d\000e\000x}{appendix.A}% 13
\BOOKMARK [2][-]{subsection.A.5}{\376\377\000A\000d\000d\000i\000t\000i\000o\000n\000a\000l\000\040\000d\000e\000s\000c\000r\000i\000p\000t\000i\000v\000e\000\040\000s\000t\000a\000t\000i\000s\000t\000i\000c\000s}{appendix.A}% 14
\BOOKMARK [2][-]{subsection.A.6}{\376\377\000R\000e\000s\000u\000l\000t\000s\000\040\000i\000n\000\040\000t\000a\000b\000l\000e\000s}{appendix.A}% 15
\BOOKMARK [3][-]{subsubsection.A.6.1}{\376\377\000I\000n\000d\000e\000x\000\040\000o\000f\000\040\000l\000a\000b\000o\000r\000\040\000m\000a\000r\000k\000e\000t\000\040\000c\000o\000m\000p\000e\000t\000i\000t\000i\000o\000n}{subsection.A.6}% 16
\BOOKMARK [3][-]{subsubsection.A.6.2}{\376\377\000T\000a\000b\000l\000e\000\040\000o\000f\000\040\000M\000a\000i\000n\000\040\000r\000e\000s\000u\000l\000t\000s}{subsection.A.6}% 17
\BOOKMARK [2][-]{subsection.A.7}{\376\377\000R\000o\000b\000u\000s\000t\000n\000e\000s\000s\000\040\000o\000f\000\040\000m\000a\000i\000n\000\040\000r\000e\000s\000u\000l\000t\000s}{appendix.A}% 18
\BOOKMARK [3][-]{subsubsection.A.7.1}{\376\377\000M\000a\000i\000n\000\040\000r\000e\000s\000u\000l\000t\000s\000\040\000b\000y\000\040\000i\000n\000d\000i\000v\000i\000d\000u\000a\000l\000\040\000i\000n\000d\000i\000c\000a\000t\000o\000r\000s}{subsection.A.7}% 19
\BOOKMARK [3][-]{subsubsection.A.7.2}{\376\377\000P\000r\000e\000j\000u\000d\000i\000c\000e\000\040\000i\000n\000d\000i\000c\000a\000t\000o\000r\000:\000\040\000D\000u\000m\000m\000y\000\040\000o\000u\000t\000c\000o\000m\000e}{subsection.A.7}% 20
\BOOKMARK [3][-]{subsubsection.A.7.3}{\376\377\000C\000l\000u\000s\000t\000e\000r\000e\000d\000\040\000a\000n\000d\000\040\000n\000o\000n\000-\000c\000l\000u\000s\000t\000e\000r\000e\000d\000\040\000S\000E\000s}{subsection.A.7}% 21
\BOOKMARK [3][-]{subsubsection.A.7.4}{\376\377\000A\000n\000a\000l\000y\000s\000i\000s\000\040\000o\000n\000\040\000t\000h\000e\000\040\000u\000n\000e\000m\000p\000l\000o\000y\000e\000d}{subsection.A.7}% 22
\BOOKMARK [2][-]{subsection.A.8}{\376\377\000A\000d\000d\000i\000t\000i\000o\000n\000a\000l\000\040\000t\000a\000b\000l\000e\000s}{appendix.A}% 23
